0 info it worked if it ends with ok
1 verbose cli [ '/Users/sahibjot/.nvm/versions/node/v5.3.0/bin/node',
1 verbose cli   '/Users/sahibjot/.nvm/versions/node/v5.3.0/bin/npm',
1 verbose cli   'start' ]
2 info using npm@3.5.2
3 info using node@v5.3.0
4 verbose config Skipping project config: /Users/sahibjot/.npmrc. (matches userconfig)
5 verbose stack Error: ENOENT: no such file or directory, open '/Users/sahibjot/package.json'
5 verbose stack     at Error (native)
6 verbose cwd /Users/sahibjot/Documents/Github/sahibjotsaggu.github.io
7 error Darwin 15.3.0
8 error argv "/Users/sahibjot/.nvm/versions/node/v5.3.0/bin/node" "/Users/sahibjot/.nvm/versions/node/v5.3.0/bin/npm" "start"
9 error node v5.3.0
10 error npm  v3.5.2
11 error path /Users/sahibjot/package.json
12 error code ENOENT
13 error errno -2
14 error syscall open
15 error enoent ENOENT: no such file or directory, open '/Users/sahibjot/package.json'
16 error enoent ENOENT: no such file or directory, open '/Users/sahibjot/package.json'
16 error enoent This is most likely not a problem with npm itself
16 error enoent and is related to npm not being able to find a file.
17 verbose exit [ -2, true ]
